<?xml version="1.0" encoding="UTF-8"?>
<!-- Generated by org.testng.reporters.JUnitReportReporter -->
<testsuite hostname="CONTRACT-VDI-22" name="org.exostar.ts.LoginTC" tests="1" failures="0" timestamp="21 Feb 2018 20:16:47 GMT" time="25.057" errors="0">
  <testcase name="VerifyBAIDLoginWithValidCredential_55377" time="25.057" classname="org.exostar.ts.LoginTC"/>
</testsuite> <!-- org.exostar.ts.LoginTC -->
